<?xml version="1.0" encoding="UTF-8"?>
<!-- Generated by org.testng.reporters.JUnitReportReporter -->
<testsuite hostname="bayyappa-lp" failures="0" tests="2" name="com.imc.config.TestRunner" time="5.985" errors="0" timestamp="2025-09-02T15:13:33 IST" skipped="0">
  <testcase classname="com.imc.config.TestRunner" name="runCucumber" time="0.004"/>
  <testcase classname="com.imc.config.TestRunner" name="runScenario" time="5.981"/>
</testsuite> <!-- com.imc.config.TestRunner -->
