<?xml version="1.0" encoding="UTF-8"?>
<!-- Generated by org.testng.reporters.JUnitReportReporter -->
<testsuite hostname="New-atom" failures="0" tests="5" name="com.imc.config.TestRunner" time="4.476" errors="0" timestamp="2025-09-03T19:23:36 IST" skipped="0">
  <testcase classname="com.imc.config.TestRunner" name="runScenario" time="4.443"/>
  <testcase classname="com.imc.config.TestRunner" name="runCucumber" time="0.000"/>
  <testcase classname="com.imc.config.TestRunner" name="runScenario" time="0.007"/>
  <testcase classname="com.imc.config.TestRunner" name="runScenario" time="0.018"/>
  <testcase classname="com.imc.config.TestRunner" name="runScenario" time="0.008"/>
</testsuite> <!-- com.imc.config.TestRunner -->
