<?xml version="1.0" encoding="UTF-8"?>
<!-- Generated by org.testng.reporters.JUnitReportReporter -->
<testsuite hostname="bayyappa-lp" failures="0" tests="1" name="com.imc.TestRunner" time="0.396" errors="0" timestamp="2025-08-12T17:36:11 IST" skipped="0">
  <testcase classname="com.imc.TestRunner" name="runScenario" time="0.396"/>
</testsuite> <!-- com.imc.TestRunner -->
