<?xml version="1.0" encoding="UTF-8"?>
<!-- Generated by org.testng.reporters.JUnitReportReporter -->
<testsuite hostname="bayyappa-lp" failures="0" tests="1" name="com.imc.TestRunner" time="0.732" errors="0" timestamp="2025-08-26T15:51:21 IST" skipped="0">
  <testcase classname="com.imc.TestRunner" name="runScenario" time="0.732"/>
</testsuite> <!-- com.imc.TestRunner -->
