<?xml version="1.0" encoding="UTF-8"?>
<!-- Generated by org.testng.reporters.JUnitReportReporter -->
<testsuite hostname="bayyappa-lp" failures="0" tests="1" name="com.imc.TestRunner" time="0.511" errors="0" timestamp="2025-09-02T13:08:22 IST" skipped="0">
  <testcase classname="com.imc.TestRunner" name="runScenario" time="0.511"/>
</testsuite> <!-- com.imc.TestRunner -->
